<?xml version="1.0" encoding="UTF-8"?>
<!-- Generated by org.testng.reporters.JUnitXMLReporter -->
<testsuite ignored="0" hostname="QA-1889" failures="1" tests="1" name="Google Search Tests" time="0.048" errors="0" timestamp="2025-08-08T14:19:37 IST">
  <testcase classname="com.testautomation.tests.BaseTest" name="@BeforeSuite setUpExtent" time="0.01">
    <failure type="java.lang.Error" message="Unresolved compilation problem: 
	ExtentManager cannot be resolved
">
      <![CDATA[java.lang.Error: Unresolved compilation problem: 
ExtentManager cannot be resolved

at com.testautomation.tests.BaseTest.setUpExtent(BaseTest.java:17)
... Removed 19 stack frames]]>
    </failure>
  </testcase> <!-- @BeforeSuite setUpExtent -->
  <testcase classname="com.testautomation.tests.GoogleSearchTest" name="searchGoogle" time="0.0">
    <failure type="java.lang.RuntimeException" message="java.lang.Error: Unresolved compilation problem: 
	ExcelReader cannot be resolved
">
      <![CDATA[java.lang.RuntimeException: java.lang.Error: Unresolved compilation problem: 
ExcelReader cannot be resolved

at java.base/java.util.ArrayList.forEach(ArrayList.java:1511)
Caused by: java.lang.Error: Unresolved compilation problem: 
ExcelReader cannot be resolved

at com.testautomation.tests.GoogleSearchTest.getSearchData(GoogleSearchTest.java:22)
... 25 more
... Removed 32 stack frames]]>
    </failure>
  </testcase> <!-- searchGoogle -->
</testsuite> <!-- Google Search Tests -->
