<?xml version="1.0" encoding="UTF-8"?>
<testng-results ignored="0" total="1" passed="1" failed="0" skipped="0">
  <reporter-output>
  </reporter-output>
  <suite started-at="2025-08-06T19:06:26 IST" name="Default suite" finished-at="2025-08-06T19:06:31 IST" duration-ms="4593">
    <groups>
    </groups>
    <test started-at="2025-08-06T19:06:26 IST" name="Default test" finished-at="2025-08-06T19:06:31 IST" duration-ms="4593">
      <class name="com.testautomation.tests.GoogleSearchTest">
        <test-method is-config="true" signature="startReport()[pri:0, instance:com.testautomation.tests.GoogleSearchTest@f1da57d]" started-at="2025-08-06T19:06:26 IST" name="startReport" finished-at="2025-08-06T19:06:26 IST" duration-ms="231" status="PASS">
          <reporter-output>
          </reporter-output>
        </test-method> <!-- startReport -->
        <test-method is-config="true" signature="setUp()[pri:0, instance:com.testautomation.tests.GoogleSearchTest@f1da57d]" started-at="2025-08-06T19:06:26 IST" name="setUp" finished-at="2025-08-06T19:06:28 IST" duration-ms="1594" status="PASS">
          <reporter-output>
          </reporter-output>
        </test-method> <!-- setUp -->
        <test-method signature="googleSearchTest()[pri:0, instance:com.testautomation.tests.GoogleSearchTest@f1da57d]" started-at="2025-08-06T19:06:28 IST" name="googleSearchTest" finished-at="2025-08-06T19:06:30 IST" duration-ms="2746" status="PASS">
          <reporter-output>
          </reporter-output>
        </test-method> <!-- googleSearchTest -->
        <test-method is-config="true" signature="tearDown(org.testng.ITestResult)[pri:0, instance:com.testautomation.tests.GoogleSearchTest@f1da57d]" started-at="2025-08-06T19:06:31 IST" name="tearDown" finished-at="2025-08-06T19:06:31 IST" duration-ms="213" status="PASS">
          <params>
            <param index="0">
              <value>
                <![CDATA[[TestResult name=googleSearchTest status=SUCCESS method=GoogleSearchTest.googleSearchTest()[pri:0, instance:com.testautomation.tests.GoogleSearchTest@f1da57d] output={null}]]]>
              </value>
            </param>
          </params>
          <reporter-output>
          </reporter-output>
        </test-method> <!-- tearDown -->
        <test-method is-config="true" signature="flushReport()[pri:0, instance:com.testautomation.tests.GoogleSearchTest@f1da57d]" started-at="2025-08-06T19:06:31 IST" name="flushReport" finished-at="2025-08-06T19:06:31 IST" duration-ms="261" status="PASS">
          <reporter-output>
          </reporter-output>
        </test-method> <!-- flushReport -->
      </class> <!-- com.testautomation.tests.GoogleSearchTest -->
    </test> <!-- Default test -->
  </suite> <!-- Default suite -->
</testng-results>
